Performing C SOURCE FILE Test CMAKE_HAVE_LIBC_PTHREAD failed with the following output:
Change Dir: /home/martyna/Studia/Sem_4/Pamsi/lab1/pamsi1/Tic_Tac_toe/build/CMakeFiles/CMakeTmp

Run Build Command(s):/usr/bin/make cmTC_8a1d8/fast && /usr/bin/make -f CMakeFiles/cmTC_8a1d8.dir/build.make CMakeFiles/cmTC_8a1d8.dir/build
make[1]: Wejście do katalogu '/home/martyna/Studia/Sem_4/Pamsi/lab1/pamsi1/Tic_Tac_toe/build/CMakeFiles/CMakeTmp'
Building C object CMakeFiles/cmTC_8a1d8.dir/src.c.o
/usr/bin/cc   -DCMAKE_HAVE_LIBC_PTHREAD   -o CMakeFiles/cmTC_8a1d8.dir/src.c.o   -c /home/martyna/Studia/Sem_4/Pamsi/lab1/pamsi1/Tic_Tac_toe/build/CMakeFiles/CMakeTmp/src.c
Linking C executable cmTC_8a1d8
/usr/bin/cmake -E cmake_link_script CMakeFiles/cmTC_8a1d8.dir/link.txt --verbose=1
/usr/bin/cc  -DCMAKE_HAVE_LIBC_PTHREAD    CMakeFiles/cmTC_8a1d8.dir/src.c.o  -o cmTC_8a1d8 
/usr/bin/ld: CMakeFiles/cmTC_8a1d8.dir/src.c.o: in function `main':
src.c:(.text+0x46): undefined reference to `pthread_create'
/usr/bin/ld: src.c:(.text+0x52): undefined reference to `pthread_detach'
/usr/bin/ld: src.c:(.text+0x63): undefined reference to `pthread_join'
collect2: error: ld returned 1 exit status
make[1]: *** [CMakeFiles/cmTC_8a1d8.dir/build.make:87: cmTC_8a1d8] Błąd 1
make[1]: Opuszczenie katalogu '/home/martyna/Studia/Sem_4/Pamsi/lab1/pamsi1/Tic_Tac_toe/build/CMakeFiles/CMakeTmp'
make: *** [Makefile:121: cmTC_8a1d8/fast] Błąd 2


Source file was:
#include <pthread.h>

void* test_func(void* data)
{
  return data;
}

int main(void)
{
  pthread_t thread;
  pthread_create(&thread, NULL, test_func, NULL);
  pthread_detach(thread);
  pthread_join(thread, NULL);
  pthread_atfork(NULL, NULL, NULL);
  pthread_exit(NULL);

  return 0;
}

Determining if the function pthread_create exists in the pthreads failed with the following output:
Change Dir: /home/martyna/Studia/Sem_4/Pamsi/lab1/pamsi1/Tic_Tac_toe/build/CMakeFiles/CMakeTmp

Run Build Command(s):/usr/bin/make cmTC_eb466/fast && /usr/bin/make -f CMakeFiles/cmTC_eb466.dir/build.make CMakeFiles/cmTC_eb466.dir/build
make[1]: Wejście do katalogu '/home/martyna/Studia/Sem_4/Pamsi/lab1/pamsi1/Tic_Tac_toe/build/CMakeFiles/CMakeTmp'
Building C object CMakeFiles/cmTC_eb466.dir/CheckFunctionExists.c.o
/usr/bin/cc   -DCHECK_FUNCTION_EXISTS=pthread_create   -o CMakeFiles/cmTC_eb466.dir/CheckFunctionExists.c.o   -c /usr/share/cmake-3.16/Modules/CheckFunctionExists.c
Linking C executable cmTC_eb466
/usr/bin/cmake -E cmake_link_script CMakeFiles/cmTC_eb466.dir/link.txt --verbose=1
/usr/bin/cc  -DCHECK_FUNCTION_EXISTS=pthread_create    CMakeFiles/cmTC_eb466.dir/CheckFunctionExists.c.o  -o cmTC_eb466  -lpthreads 
/usr/bin/ld: cannot find -lpthreads
collect2: error: ld returned 1 exit status
make[1]: *** [CMakeFiles/cmTC_eb466.dir/build.make:87: cmTC_eb466] Błąd 1
make[1]: Opuszczenie katalogu '/home/martyna/Studia/Sem_4/Pamsi/lab1/pamsi1/Tic_Tac_toe/build/CMakeFiles/CMakeTmp'
make: *** [Makefile:121: cmTC_eb466/fast] Błąd 2



